

================================================================
== Vivado HLS Report for 'kernel4'
================================================================
* Date:           Wed May 21 19:03:37 2025

* Version:        2019.1 (Build 2552052 on Fri May 24 15:28:33 MDT 2019)
* Project:        prj_kernel4
* Solution:       solution1
* Product family: kintex7
* Target device:  xc7k160t-fbg484-1


================================================================
== Performance Estimates
================================================================
+ Timing (ns): 
    * Summary: 
    +--------+-------+----------+------------+
    |  Clock | Target| Estimated| Uncertainty|
    +--------+-------+----------+------------+
    |ap_clk  |  10.00|     8.365|        1.25|
    +--------+-------+----------+------------+

+ Latency (clock cycles): 
    * Summary: 
    +-----+-----+-----+-----+---------+
    |  Latency  |  Interval | Pipeline|
    | min | max | min | max |   Type  |
    +-----+-----+-----+-----+---------+
    |    ?|    ?|    ?|    ?|   none  |
    +-----+-----+-----+-----+---------+

    + Detail: 
        * Instance: 
        N/A

        * Loop: 
        +----------+-----+-----+----------+-----------+-----------+------+----------+
        |          |  Latency  | Iteration|  Initiation Interval  | Trip |          |
        | Loop Name| min | max |  Latency |  achieved |   target  | Count| Pipelined|
        +----------+-----+-----+----------+-----------+-----------+------+----------+
        |- LOOP1   |    ?|    ?|         3|          1|          1|     ?|    yes   |
        +----------+-----+-----+----------+-----------+-----------+------+----------+



================================================================
== Utilization Estimates
================================================================
* Summary: 
+-----------------+---------+-------+--------+--------+-----+
|       Name      | BRAM_18K| DSP48E|   FF   |   LUT  | URAM|
+-----------------+---------+-------+--------+--------+-----+
|DSP              |        -|      -|       -|       -|    -|
|Expression       |        -|      3|       0|     207|    -|
|FIFO             |        -|      -|       -|       -|    -|
|Instance         |        -|      -|       -|       -|    -|
|Memory           |        -|      -|       -|       -|    -|
|Multiplexer      |        -|      -|       -|     102|    -|
|Register         |        -|      -|     180|       -|    -|
+-----------------+---------+-------+--------+--------+-----+
|Total            |        0|      3|     180|     309|    0|
+-----------------+---------+-------+--------+--------+-----+
|Available        |      650|    600|  202800|  101400|    0|
+-----------------+---------+-------+--------+--------+-----+
|Utilization (%)  |        0|   ~0  |   ~0   |   ~0   |    0|
+-----------------+---------+-------+--------+--------+-----+

+ Detail: 
    * Instance: 
    N/A

    * DSP48E: 
    N/A

    * Memory: 
    N/A

    * FIFO: 
    N/A

    * Expression: 
    +-------------------------+----------+-------+---+----+------------+------------+
    |      Variable Name      | Operation| DSP48E| FF| LUT| Bitwidth P0| Bitwidth P1|
    +-------------------------+----------+-------+---+----+------------+------------+
    |mul_ln8_fu_150_p2        |     *    |      3|  0|  21|          32|          32|
    |add_ln8_1_fu_144_p2      |     +    |      0|  0|  39|          32|          32|
    |add_ln8_fu_133_p2        |     +    |      0|  0|  39|          32|           2|
    |i_fu_115_p2              |     +    |      0|  0|  39|          32|           1|
    |tmp_1_fu_154_p2          |     -    |      0|  0|  39|          32|          32|
    |icmp_ln6_fu_121_p2       |   icmp   |      0|  0|  18|          32|          11|
    |ap_enable_pp0            |    xor   |      0|  0|   6|           1|           2|
    |ap_enable_reg_pp0_iter1  |    xor   |      0|  0|   6|           2|           1|
    +-------------------------+----------+-------+---+----+------------+------------+
    |Total                    |          |      3|  0| 207|         195|         113|
    +-------------------------+----------+-------+---+----+------------+------------+

    * Multiplexer: 
    +---------------------------------+----+-----------+-----+-----------+
    |               Name              | LUT| Input Size| Bits| Total Bits|
    +---------------------------------+----+-----------+-----+-----------+
    |a_address0                       |  15|          3|   11|         33|
    |a_address1                       |  15|          3|   11|         33|
    |ap_NS_fsm                        |  27|          5|    1|          5|
    |ap_enable_reg_pp0_iter1          |   9|          2|    1|          2|
    |ap_enable_reg_pp0_iter2          |   9|          2|    1|          2|
    |ap_phi_mux_i_0_in_phi_fu_104_p4  |   9|          2|   32|         64|
    |i_0_in_reg_101                   |   9|          2|   32|         64|
    |tmp_0_reg_90                     |   9|          2|   32|         64|
    +---------------------------------+----+-----------+-----+-----------+
    |Total                            | 102|         21|  121|        267|
    +---------------------------------+----+-----------+-----+-----------+

    * Register: 
    +--------------------------------+----+----+-----+-----------+
    |              Name              | FF | LUT| Bits| Const Bits|
    +--------------------------------+----+----+-----+-----------+
    |a_addr_reg_165                  |  11|   0|   11|          0|
    |add_ln8_1_reg_205               |  32|   0|   32|          0|
    |ap_CS_fsm                       |   4|   0|    4|          0|
    |ap_enable_reg_pp0_iter0         |   1|   0|    1|          0|
    |ap_enable_reg_pp0_iter1         |   1|   0|    1|          0|
    |ap_enable_reg_pp0_iter2         |   1|   0|    1|          0|
    |factor_load_reg_200             |  32|   0|   32|          0|
    |i_0_in_reg_101                  |  32|   0|   32|          0|
    |i_reg_176                       |  32|   0|   32|          0|
    |icmp_ln6_reg_181                |   1|   0|    1|          0|
    |icmp_ln6_reg_181_pp0_iter1_reg  |   1|   0|    1|          0|
    |tmp_0_reg_90                    |  32|   0|   32|          0|
    +--------------------------------+----+----+-----+-----------+
    |Total                           | 180|   0|  180|          0|
    +--------------------------------+----+----+-----+-----------+



================================================================
== Interface
================================================================
* Summary: 
+-----------------+-----+-----+------------+--------------+--------------+
|    RTL Ports    | Dir | Bits|  Protocol  | Source Object|    C Type    |
+-----------------+-----+-----+------------+--------------+--------------+
|ap_clk           |  in |    1| ap_ctrl_hs |    kernel4   | return value |
|ap_rst           |  in |    1| ap_ctrl_hs |    kernel4   | return value |
|ap_start         |  in |    1| ap_ctrl_hs |    kernel4   | return value |
|ap_done          | out |    1| ap_ctrl_hs |    kernel4   | return value |
|ap_idle          | out |    1| ap_ctrl_hs |    kernel4   | return value |
|ap_ready         | out |    1| ap_ctrl_hs |    kernel4   | return value |
|a_address0       | out |   11|  ap_memory |       a      |     array    |
|a_ce0            | out |    1|  ap_memory |       a      |     array    |
|a_q0             |  in |   32|  ap_memory |       a      |     array    |
|a_address1       | out |   11|  ap_memory |       a      |     array    |
|a_ce1            | out |    1|  ap_memory |       a      |     array    |
|a_we1            | out |    1|  ap_memory |       a      |     array    |
|a_d1             | out |   32|  ap_memory |       a      |     array    |
|a_q1             |  in |   32|  ap_memory |       a      |     array    |
|factor_address0  | out |   11|  ap_memory |    factor    |     array    |
|factor_ce0       | out |    1|  ap_memory |    factor    |     array    |
|factor_q0        |  in |   32|  ap_memory |    factor    |     array    |
|targetIndex      |  in |   32|   ap_none  |  targetIndex |    scalar    |
+-----------------+-----+-----+------------+--------------+--------------+

