

================================================================
== Vivado HLS Report for 'kernel8'
================================================================
* Date:           Wed May 21 20:35:32 2025

* Version:        2019.1 (Build 2552052 on Fri May 24 15:28:33 MDT 2019)
* Project:        prj_kernel8
* Solution:       solution1
* Product family: kintex7
* Target device:  xc7k160t-fbg484-1


================================================================
== Performance Estimates
================================================================
+ Timing (ns): 
    * Summary: 
    +--------+-------+----------+------------+
    |  Clock | Target| Estimated| Uncertainty|
    +--------+-------+----------+------------+
    |ap_clk  |  10.00|     6.580|        1.25|
    +--------+-------+----------+------------+

+ Latency (clock cycles): 
    * Summary: 
    +-----+------+-----+------+---------+
    |   Latency  |  Interval  | Pipeline|
    | min |  max | min |  max |   Type  |
    +-----+------+-----+------+---------+
    |    2|  8194|    2|  8194|   none  |
    +-----+------+-----+------+---------+

    + Detail: 
        * Instance: 
        N/A

        * Loop: 
        +----------+-----+------+----------+-----------+-----------+----------+----------+
        |          |   Latency  | Iteration|  Initiation Interval  |   Trip   |          |
        | Loop Name| min |  max |  Latency |  achieved |   target  |   Count  | Pipelined|
        +----------+-----+------+----------+-----------+-----------+----------+----------+
        |- LOOP1   |    0|  8192|         4|          4|          1| 0 ~ 2048 |    yes   |
        +----------+-----+------+----------+-----------+-----------+----------+----------+



================================================================
== Utilization Estimates
================================================================
* Summary: 
+-----------------+---------+-------+--------+--------+-----+
|       Name      | BRAM_18K| DSP48E|   FF   |   LUT  | URAM|
+-----------------+---------+-------+--------+--------+-----+
|DSP              |        -|      -|       -|       -|    -|
|Expression       |        -|      3|       0|     193|    -|
|FIFO             |        -|      -|       -|       -|    -|
|Instance         |        -|      -|       -|       -|    -|
|Memory           |        -|      -|       -|       -|    -|
|Multiplexer      |        -|      -|       -|      62|    -|
|Register         |        -|      -|     133|       -|    -|
+-----------------+---------+-------+--------+--------+-----+
|Total            |        0|      3|     133|     255|    0|
+-----------------+---------+-------+--------+--------+-----+
|Available        |      650|    600|  202800|  101400|    0|
+-----------------+---------+-------+--------+--------+-----+
|Utilization (%)  |        0|   ~0  |   ~0   |   ~0   |    0|
+-----------------+---------+-------+--------+--------+-----+

+ Detail: 
    * Instance: 
    N/A

    * DSP48E: 
    N/A

    * Memory: 
    N/A

    * FIFO: 
    N/A

    * Expression: 
    +---------------------+----------+-------+---+----+------------+------------+
    |    Variable Name    | Operation| DSP48E| FF| LUT| Bitwidth P0| Bitwidth P1|
    +---------------------+----------+-------+---+----+------------+------------+
    |mul_ln9_fu_128_p2    |     *    |      3|  0|  21|          32|          32|
    |add_ln9_1_fu_118_p2  |     +    |      0|  0|  39|          32|          32|
    |add_ln9_fu_108_p2    |     +    |      0|  0|  38|          31|           4|
    |i_fu_137_p2          |     +    |      0|  0|  38|          31|           1|
    |sub_ln5_fu_93_p2     |     -    |      0|  0|  39|          11|          32|
    |icmp_ln5_fu_103_p2   |   icmp   |      0|  0|  18|          32|          32|
    +---------------------+----------+-------+---+----+------------+------------+
    |Total                |          |      3|  0| 193|         169|         133|
    +---------------------+----------+-------+---+----+------------+------------+

    * Multiplexer: 
    +------------+----+-----------+-----+-----------+
    |    Name    | LUT| Input Size| Bits| Total Bits|
    +------------+----+-----------+-----+-----------+
    |a_address0  |  15|          3|   11|         33|
    |ap_NS_fsm   |  38|          7|    1|          7|
    |i_0_reg_81  |   9|          2|   31|         62|
    +------------+----+-----------+-----+-----------+
    |Total       |  62|         12|   43|        102|
    +------------+----+-----------+-----+-----------+

    * Register: 
    +-----------------+----+----+-----+-----------+
    |       Name      | FF | LUT| Bits| Const Bits|
    +-----------------+----+----+-----+-----------+
    |a_load_reg_166   |  32|   0|   32|          0|
    |ap_CS_fsm        |   6|   0|    6|          0|
    |i_0_reg_81       |  31|   0|   31|          0|
    |mul_ln9_reg_171  |  32|   0|   32|          0|
    |sub_ln5_reg_153  |  32|   0|   32|          0|
    +-----------------+----+----+-----+-----------+
    |Total            | 133|   0|  133|          0|
    +-----------------+----+----+-----+-----------+



================================================================
== Interface
================================================================
* Summary: 
+------------+-----+-----+------------+--------------+--------------+
|  RTL Ports | Dir | Bits|  Protocol  | Source Object|    C Type    |
+------------+-----+-----+------------+--------------+--------------+
|ap_clk      |  in |    1| ap_ctrl_hs |    kernel8   | return value |
|ap_rst      |  in |    1| ap_ctrl_hs |    kernel8   | return value |
|ap_start    |  in |    1| ap_ctrl_hs |    kernel8   | return value |
|ap_done     | out |    1| ap_ctrl_hs |    kernel8   | return value |
|ap_idle     | out |    1| ap_ctrl_hs |    kernel8   | return value |
|ap_ready    | out |    1| ap_ctrl_hs |    kernel8   | return value |
|a_address0  | out |   11|  ap_memory |       a      |     array    |
|a_ce0       | out |    1|  ap_memory |       a      |     array    |
|a_we0       | out |    1|  ap_memory |       a      |     array    |
|a_d0        | out |   32|  ap_memory |       a      |     array    |
|a_q0        |  in |   32|  ap_memory |       a      |     array    |
|factor      |  in |   32|   ap_none  |    factor    |    scalar    |
|offset      |  in |   32|   ap_none  |    offset    |    scalar    |
+------------+-----+-----+------------+--------------+--------------+

