

================================================================
== Vivado HLS Report for 'kernel5'
================================================================
* Date:           Wed May 21 17:29:26 2025

* Version:        2019.1 (Build 2552052 on Fri May 24 15:28:33 MDT 2019)
* Project:        prj_kernel5
* Solution:       solution1
* Product family: kintex7
* Target device:  xc7k160t-fbg484-1


================================================================
== Performance Estimates
================================================================
+ Timing (ns): 
    * Summary: 
    +--------+-------+----------+------------+
    |  Clock | Target| Estimated| Uncertainty|
    +--------+-------+----------+------------+
    |ap_clk  |  10.00|     7.943|        1.25|
    +--------+-------+----------+------------+

+ Latency (clock cycles): 
    * Summary: 
    +------+------+------+------+---------+
    |   Latency   |   Interval  | Pipeline|
    |  min |  max |  min |  max |   Type  |
    +------+------+------+------+---------+
    |  2055|  2055|  2055|  2055|   none  |
    +------+------+------+------+---------+

    + Detail: 
        * Instance: 
        N/A

        * Loop: 
        +----------+------+------+----------+-----------+-----------+------+----------+
        |          |   Latency   | Iteration|  Initiation Interval  | Trip |          |
        | Loop Name|  min |  max |  Latency |  achieved |   target  | Count| Pipelined|
        +----------+------+------+----------+-----------+-----------+------+----------+
        |- LOOP1   |  2053|  2053|         7|          1|          1|  2048|    yes   |
        +----------+------+------+----------+-----------+-----------+------+----------+



================================================================
== Utilization Estimates
================================================================
* Summary: 
+-----------------+---------+-------+--------+--------+-----+
|       Name      | BRAM_18K| DSP48E|   FF   |   LUT  | URAM|
+-----------------+---------+-------+--------+--------+-----+
|DSP              |        -|      -|       -|       -|    -|
|Expression       |        -|      -|       0|     158|    -|
|FIFO             |        -|      -|       -|       -|    -|
|Instance         |        -|      2|     293|     280|    -|
|Memory           |        -|      -|       -|       -|    -|
|Multiplexer      |        -|      -|       -|      66|    -|
|Register         |        0|      -|     313|      64|    -|
+-----------------+---------+-------+--------+--------+-----+
|Total            |        0|      2|     606|     568|    0|
+-----------------+---------+-------+--------+--------+-----+
|Available        |      650|    600|  202800|  101400|    0|
+-----------------+---------+-------+--------+--------+-----+
|Utilization (%)  |        0|   ~0  |   ~0   |   ~0   |    0|
+-----------------+---------+-------+--------+--------+-----+

+ Detail: 
    * Instance: 
    +-------------------------+----------------------+---------+-------+-----+-----+-----+
    |         Instance        |        Module        | BRAM_18K| DSP48E|  FF | LUT | URAM|
    +-------------------------+----------------------+---------+-------+-----+-----+-----+
    |kernel5_fadd_32nsbkb_U1  |kernel5_fadd_32nsbkb  |        0|      2|  227|  214|    0|
    |kernel5_fcmp_32nscud_U2  |kernel5_fcmp_32nscud  |        0|      0|   66|   66|    0|
    +-------------------------+----------------------+---------+-------+-----+-----+-----+
    |Total                    |                      |        0|      2|  293|  280|    0|
    +-------------------------+----------------------+---------+-------+-----+-----+-----+

    * DSP48E: 
    N/A

    * Memory: 
    N/A

    * FIFO: 
    N/A

    * Expression: 
    +-------------------------+----------+-------+---+----+------------+------------+
    |      Variable Name      | Operation| DSP48E| FF| LUT| Bitwidth P0| Bitwidth P1|
    +-------------------------+----------+-------+---+----+------------+------------+
    |i_fu_140_p2              |     +    |      0|  0|  19|          12|           1|
    |and_ln10_1_fu_213_p2     |    and   |      0|  0|   6|           1|           1|
    |and_ln10_fu_207_p2       |    and   |      0|  0|   6|           1|           1|
    |icmp_ln10_1_fu_191_p2    |   icmp   |      0|  0|  18|          23|           1|
    |icmp_ln10_2_fu_155_p2    |   icmp   |      0|  0|  11|           8|           2|
    |icmp_ln10_3_fu_128_p2    |   icmp   |      0|  0|  18|          23|           1|
    |icmp_ln10_fu_185_p2      |   icmp   |      0|  0|  11|           8|           2|
    |icmp_ln8_fu_134_p2       |   icmp   |      0|  0|  13|          12|          13|
    |or_ln10_1_fu_203_p2      |    or    |      0|  0|   6|           1|           1|
    |or_ln10_fu_197_p2        |    or    |      0|  0|   6|           1|           1|
    |sum_fu_219_p3            |  select  |      0|  0|  32|           1|          32|
    |ap_enable_pp0            |    xor   |      0|  0|   6|           1|           2|
    |ap_enable_reg_pp0_iter1  |    xor   |      0|  0|   6|           2|           1|
    +-------------------------+----------+-------+---+----+------------+------------+
    |Total                    |          |      0|  0| 158|          94|          59|
    +-------------------------+----------+-------+---+----+------------+------------+

    * Multiplexer: 
    +-------------------------------+----+-----------+-----+-----------+
    |              Name             | LUT| Input Size| Bits| Total Bits|
    +-------------------------------+----+-----------+-----+-----------+
    |ap_NS_fsm                      |  21|          4|    1|          4|
    |ap_enable_reg_pp0_iter1        |   9|          2|    1|          2|
    |ap_enable_reg_pp0_iter6        |   9|          2|    1|          2|
    |ap_phi_mux_sum_0_phi_fu_92_p4  |   9|          2|   32|         64|
    |i_0_reg_100                    |   9|          2|   12|         24|
    |sum_0_reg_88                   |   9|          2|   32|         64|
    +-------------------------------+----+-----------+-----+-----------+
    |Total                          |  66|         14|   79|        160|
    +-------------------------------+----+-----------+-----+-----------+

    * Register: 
    +-------------------------+----+----+-----+-----------+
    |           Name          | FF | LUT| Bits| Const Bits|
    +-------------------------+----+----+-----+-----------+
    |ap_CS_fsm                |   3|   0|    3|          0|
    |ap_enable_reg_pp0_iter0  |   1|   0|    1|          0|
    |ap_enable_reg_pp0_iter1  |   1|   0|    1|          0|
    |ap_enable_reg_pp0_iter2  |   1|   0|    1|          0|
    |ap_enable_reg_pp0_iter3  |   1|   0|    1|          0|
    |ap_enable_reg_pp0_iter4  |   1|   0|    1|          0|
    |ap_enable_reg_pp0_iter5  |   1|   0|    1|          0|
    |ap_enable_reg_pp0_iter6  |   1|   0|    1|          0|
    |array1_load_reg_265      |  32|   0|   32|          0|
    |array2_load_reg_270      |  32|   0|   32|          0|
    |bitcast_ln10_1_reg_231   |  32|   0|   32|          0|
    |i_0_reg_100              |  12|   0|   12|          0|
    |icmp_ln10_2_reg_250      |   1|   0|    1|          0|
    |icmp_ln10_3_reg_236      |   1|   0|    1|          0|
    |icmp_ln8_reg_241         |   1|   0|    1|          0|
    |sum_0_reg_88             |  32|   0|   32|          0|
    |tmp_1_reg_275            |  32|   0|   32|          0|
    |icmp_ln10_2_reg_250      |  64|  32|    1|          0|
    |icmp_ln8_reg_241         |  64|  32|    1|          0|
    +-------------------------+----+----+-----+-----------+
    |Total                    | 313|  64|  187|          0|
    +-------------------------+----+----+-----+-----------+



================================================================
== Interface
================================================================
* Summary: 
+-----------------+-----+-----+------------+--------------+--------------+
|    RTL Ports    | Dir | Bits|  Protocol  | Source Object|    C Type    |
+-----------------+-----+-----+------------+--------------+--------------+
|ap_clk           |  in |    1| ap_ctrl_hs |    kernel5   | return value |
|ap_rst           |  in |    1| ap_ctrl_hs |    kernel5   | return value |
|ap_start         |  in |    1| ap_ctrl_hs |    kernel5   | return value |
|ap_done          | out |    1| ap_ctrl_hs |    kernel5   | return value |
|ap_idle          | out |    1| ap_ctrl_hs |    kernel5   | return value |
|ap_ready         | out |    1| ap_ctrl_hs |    kernel5   | return value |
|ap_return        | out |   32| ap_ctrl_hs |    kernel5   | return value |
|max              |  in |   32|   ap_none  |      max     |    scalar    |
|array1_address0  | out |   11|  ap_memory |    array1    |     array    |
|array1_ce0       | out |    1|  ap_memory |    array1    |     array    |
|array1_q0        |  in |   32|  ap_memory |    array1    |     array    |
|array2_address0  | out |   11|  ap_memory |    array2    |     array    |
|array2_ce0       | out |    1|  ap_memory |    array2    |     array    |
|array2_q0        |  in |   32|  ap_memory |    array2    |     array    |
+-----------------+-----+-----+------------+--------------+--------------+

