

================================================================
== Vivado HLS Report for 'kernel9'
================================================================
* Date:           Wed May 21 21:27:39 2025

* Version:        2019.1 (Build 2552052 on Fri May 24 15:28:33 MDT 2019)
* Project:        prj_kernel9
* Solution:       solution1
* Product family: kintex7
* Target device:  xc7k160t-fbg484-1


================================================================
== Performance Estimates
================================================================
+ Timing (ns): 
    * Summary: 
    +--------+-------+----------+------------+
    |  Clock | Target| Estimated| Uncertainty|
    +--------+-------+----------+------------+
    |ap_clk  |  10.00|     7.113|        1.25|
    +--------+-------+----------+------------+

+ Latency (clock cycles): 
    * Summary: 
    +-----+-----+-----+-----+---------+
    |  Latency  |  Interval | Pipeline|
    | min | max | min | max |   Type  |
    +-----+-----+-----+-----+---------+
    |  264|  264|  264|  264|   none  |
    +-----+-----+-----+-----+---------+

    + Detail: 
        * Instance: 
        N/A

        * Loop: 
        +----------+-----+-----+----------+-----------+-----------+------+----------+
        |          |  Latency  | Iteration|  Initiation Interval  | Trip |          |
        | Loop Name| min | max |  Latency |  achieved |   target  | Count| Pipelined|
        +----------+-----+-----+----------+-----------+-----------+------+----------+
        |- LOOP1   |  132|  132|         6|          1|          1|   128|    yes   |
        |- LOOP2   |  128|  128|         2|          1|          1|   128|    yes   |
        +----------+-----+-----+----------+-----------+-----------+------+----------+



================================================================
== Utilization Estimates
================================================================
* Summary: 
+-----------------+---------+-------+--------+--------+-----+
|       Name      | BRAM_18K| DSP48E|   FF   |   LUT  | URAM|
+-----------------+---------+-------+--------+--------+-----+
|DSP              |        -|      -|       -|       -|    -|
|Expression       |        -|     11|       0|     203|    -|
|FIFO             |        -|      -|       -|       -|    -|
|Instance         |        -|      -|       -|       -|    -|
|Memory           |        2|      -|       0|       0|    0|
|Multiplexer      |        -|      -|       -|     156|    -|
|Register         |        0|      -|     463|      96|    -|
+-----------------+---------+-------+--------+--------+-----+
|Total            |        2|     11|     463|     455|    0|
+-----------------+---------+-------+--------+--------+-----+
|Available        |      650|    600|  202800|  101400|    0|
+-----------------+---------+-------+--------+--------+-----+
|Utilization (%)  |    ~0   |      1|   ~0   |   ~0   |    0|
+-----------------+---------+-------+--------+--------+-----+

+ Detail: 
    * Instance: 
    N/A

    * DSP48E: 
    N/A

    * Memory: 
    +--------+--------------+---------+---+----+-----+------+-----+------+-------------+
    | Memory |    Module    | BRAM_18K| FF| LUT| URAM| Words| Bits| Banks| W*Bits*Banks|
    +--------+--------------+---------+---+----+-----+------+-----+------+-------------+
    |idxa_U  |kernel9_idxa  |        1|  0|   0|    0|   128|   32|     1|         4096|
    |val_U   |kernel9_idxa  |        1|  0|   0|    0|   128|   32|     1|         4096|
    +--------+--------------+---------+---+----+-----+------+-----+------+-------------+
    |Total   |              |        2|  0|   0|    0|   256|   64|     2|         8192|
    +--------+--------------+---------+---+----+-----+------+-----+------+-------------+

    * FIFO: 
    N/A

    * Expression: 
    +-------------------------+----------+-------+---+----+------------+------------+
    |      Variable Name      | Operation| DSP48E| FF| LUT| Bitwidth P0| Bitwidth P1|
    +-------------------------+----------+-------+---+----+------------+------------+
    |idx_fu_184_p2            |     *    |      3|  0|  21|          32|          32|
    |mul_ln11_1_fu_167_p2     |     *    |      3|  0|  21|          32|          32|
    |mul_ln11_2_fu_180_p2     |     *    |      3|  0|  21|          32|          32|
    |mul_ln11_fu_175_p2       |     *    |      2|  0|  21|           8|          32|
    |i_1_fu_194_p2            |     +    |      0|  0|  15|           8|           1|
    |i_fu_149_p2              |     +    |      0|  0|  15|           8|           1|
    |val_d0                   |     +    |      0|  0|  39|          32|          32|
    |icmp_ln17_fu_188_p2      |   icmp   |      0|  0|  13|           8|           9|
    |icmp_ln7_fu_143_p2       |   icmp   |      0|  0|  13|           8|           9|
    |ap_enable_pp0            |    xor   |      0|  0|   6|           1|           2|
    |ap_enable_pp1            |    xor   |      0|  0|   6|           1|           2|
    |ap_enable_reg_pp0_iter1  |    xor   |      0|  0|   6|           2|           1|
    |ap_enable_reg_pp1_iter1  |    xor   |      0|  0|   6|           2|           1|
    +-------------------------+----------+-------+---+----+------------+------------+
    |Total                    |          |     11|  0| 203|         174|         186|
    +-------------------------+----------+-------+---+----+------------+------------+

    * Multiplexer: 
    +------------------------------+----+-----------+-----+-----------+
    |             Name             | LUT| Input Size| Bits| Total Bits|
    +------------------------------+----+-----------+-----+-----------+
    |a_address0                    |  15|          3|   11|         33|
    |ap_NS_fsm                     |  33|          6|    1|          6|
    |ap_enable_reg_pp0_iter1       |   9|          2|    1|          2|
    |ap_enable_reg_pp0_iter5       |   9|          2|    1|          2|
    |ap_enable_reg_pp1_iter1       |  15|          3|    1|          3|
    |ap_phi_mux_i_0_phi_fu_112_p4  |   9|          2|    8|         16|
    |ap_phi_mux_x_0_phi_fu_124_p4  |   9|          2|   32|         64|
    |i1_0_reg_132                  |   9|          2|    8|         16|
    |i_0_reg_108                   |   9|          2|    8|         16|
    |idxa_address0                 |  15|          3|    7|         21|
    |val_address0                  |  15|          3|    7|         21|
    |x_0_reg_120                   |   9|          2|   32|         64|
    +------------------------------+----+-----------+-----+-----------+
    |Total                         | 156|         32|  117|        264|
    +------------------------------+----+-----------+-----+-----------+

    * Register: 
    +-------------------------+----+----+-----+-----------+
    |           Name          | FF | LUT| Bits| Const Bits|
    +-------------------------+----+----+-----+-----------+
    |ap_CS_fsm                |   5|   0|    5|          0|
    |ap_enable_reg_pp0_iter0  |   1|   0|    1|          0|
    |ap_enable_reg_pp0_iter1  |   1|   0|    1|          0|
    |ap_enable_reg_pp0_iter2  |   1|   0|    1|          0|
    |ap_enable_reg_pp0_iter3  |   1|   0|    1|          0|
    |ap_enable_reg_pp0_iter4  |   1|   0|    1|          0|
    |ap_enable_reg_pp0_iter5  |   1|   0|    1|          0|
    |ap_enable_reg_pp1_iter0  |   1|   0|    1|          0|
    |ap_enable_reg_pp1_iter1  |   1|   0|    1|          0|
    |i1_0_reg_132             |   8|   0|    8|          0|
    |i_0_reg_108              |   8|   0|    8|          0|
    |i_reg_215                |   8|   0|    8|          0|
    |icmp_ln17_reg_260        |   1|   0|    1|          0|
    |icmp_ln7_reg_211         |   1|   0|    1|          0|
    |idx_reg_255              |  32|   0|   32|          0|
    |mul_ln11_1_reg_240       |  32|   0|   32|          0|
    |mul_ln11_2_reg_250       |  32|   0|   32|          0|
    |mul_ln11_reg_245         |  32|   0|   32|          0|
    |x_0_reg_120              |  32|   0|   32|          0|
    |x_reg_231                |  32|   0|   32|          0|
    |x_reg_231_pp0_iter2_reg  |  32|   0|   32|          0|
    |zext_ln10_reg_220        |   8|   0|   64|         56|
    |i_0_reg_108              |  64|  32|    8|          0|
    |icmp_ln7_reg_211         |  64|  32|    1|          0|
    |zext_ln10_reg_220        |  64|  32|   64|         56|
    +-------------------------+----+----+-----+-----------+
    |Total                    | 463|  96|  400|        112|
    +-------------------------+----+----+-----+-----------+



================================================================
== Interface
================================================================
* Summary: 
+------------+-----+-----+------------+--------------+--------------+
|  RTL Ports | Dir | Bits|  Protocol  | Source Object|    C Type    |
+------------+-----+-----+------------+--------------+--------------+
|ap_clk      |  in |    1| ap_ctrl_hs |    kernel9   | return value |
|ap_rst      |  in |    1| ap_ctrl_hs |    kernel9   | return value |
|ap_start    |  in |    1| ap_ctrl_hs |    kernel9   | return value |
|ap_done     | out |    1| ap_ctrl_hs |    kernel9   | return value |
|ap_idle     | out |    1| ap_ctrl_hs |    kernel9   | return value |
|ap_ready    | out |    1| ap_ctrl_hs |    kernel9   | return value |
|a_address0  | out |   11|  ap_memory |       a      |     array    |
|a_ce0       | out |    1|  ap_memory |       a      |     array    |
|a_we0       | out |    1|  ap_memory |       a      |     array    |
|a_d0        | out |   32|  ap_memory |       a      |     array    |
|a_q0        |  in |   32|  ap_memory |       a      |     array    |
+------------+-----+-----+------------+--------------+--------------+

