

================================================================
== Vivado HLS Report for 'kernel1'
================================================================
* Date:           Wed May 21 13:46:31 2025

* Version:        2019.1 (Build 2552052 on Fri May 24 15:28:33 MDT 2019)
* Project:        prj_kernel1
* Solution:       solution1
* Product family: kintex7
* Target device:  xc7k160t-fbg484-1


================================================================
== Performance Estimates
================================================================
+ Timing (ns): 
    * Summary: 
    +--------+-------+----------+------------+
    |  Clock | Target| Estimated| Uncertainty|
    +--------+-------+----------+------------+
    |ap_clk  |  10.00|     7.113|        1.25|
    +--------+-------+----------+------------+

+ Latency (clock cycles): 
    * Summary: 
    +------+------+------+------+---------+
    |   Latency   |   Interval  | Pipeline|
    |  min |  max |  min |  max |   Type  |
    +------+------+------+------+---------+
    |  2050|  2050|  2050|  2050|   none  |
    +------+------+------+------+---------+

    + Detail: 
        * Instance: 
        N/A

        * Loop: 
        +----------+------+------+----------+-----------+-----------+------+----------+
        |          |   Latency   | Iteration|  Initiation Interval  | Trip |          |
        | Loop Name|  min |  max |  Latency |  achieved |   target  | Count| Pipelined|
        +----------+------+------+----------+-----------+-----------+------+----------+
        |- LOOP1   |  2048|  2048|         2|          1|          1|  2048|    yes   |
        +----------+------+------+----------+-----------+-----------+------+----------+



================================================================
== Utilization Estimates
================================================================
* Summary: 
+-----------------+---------+-------+--------+--------+-----+
|       Name      | BRAM_18K| DSP48E|   FF   |   LUT  | URAM|
+-----------------+---------+-------+--------+--------+-----+
|DSP              |        -|      -|       -|       -|    -|
|Expression       |        -|      -|       0|      83|    -|
|FIFO             |        -|      -|       -|       -|    -|
|Instance         |        -|      -|       -|       -|    -|
|Memory           |        -|      -|       -|       -|    -|
|Multiplexer      |        -|      -|       -|      45|    -|
|Register         |        -|      -|      29|       -|    -|
+-----------------+---------+-------+--------+--------+-----+
|Total            |        0|      0|      29|     128|    0|
+-----------------+---------+-------+--------+--------+-----+
|Available        |      650|    600|  202800|  101400|    0|
+-----------------+---------+-------+--------+--------+-----+
|Utilization (%)  |        0|      0|   ~0   |   ~0   |    0|
+-----------------+---------+-------+--------+--------+-----+

+ Detail: 
    * Instance: 
    N/A

    * DSP48E: 
    N/A

    * Memory: 
    N/A

    * FIFO: 
    N/A

    * Expression: 
    +-------------------------+----------+-------+---+----+------------+------------+
    |      Variable Name      | Operation| DSP48E| FF| LUT| Bitwidth P0| Bitwidth P1|
    +-------------------------+----------+-------+---+----+------------+------------+
    |a_d1                     |     +    |      0|  0|  39|          32|          32|
    |i_fu_72_p2               |     +    |      0|  0|  19|          12|           1|
    |icmp_ln6_fu_66_p2        |   icmp   |      0|  0|  13|          12|          13|
    |ap_enable_pp0            |    xor   |      0|  0|   6|           1|           2|
    |ap_enable_reg_pp0_iter1  |    xor   |      0|  0|   6|           2|           1|
    +-------------------------+----------+-------+---+----+------------+------------+
    |Total                    |          |      0|  0|  83|          59|          49|
    +-------------------------+----------+-------+---+----+------------+------------+

    * Multiplexer: 
    +-------------------------+----+-----------+-----+-----------+
    |           Name          | LUT| Input Size| Bits| Total Bits|
    +-------------------------+----+-----------+-----+-----------+
    |ap_NS_fsm                |  21|          4|    1|          4|
    |ap_enable_reg_pp0_iter1  |  15|          3|    1|          3|
    |i_0_reg_55               |   9|          2|   12|         24|
    +-------------------------+----+-----------+-----+-----------+
    |Total                    |  45|          9|   14|         31|
    +-------------------------+----+-----------+-----+-----------+

    * Register: 
    +-------------------------+----+----+-----+-----------+
    |           Name          | FF | LUT| Bits| Const Bits|
    +-------------------------+----+----+-----+-----------+
    |a_addr_reg_105           |  11|   0|   11|          0|
    |ap_CS_fsm                |   3|   0|    3|          0|
    |ap_enable_reg_pp0_iter0  |   1|   0|    1|          0|
    |ap_enable_reg_pp0_iter1  |   1|   0|    1|          0|
    |i_0_reg_55               |  12|   0|   12|          0|
    |icmp_ln6_reg_96          |   1|   0|    1|          0|
    +-------------------------+----+----+-----+-----------+
    |Total                    |  29|   0|   29|          0|
    +-------------------------+----+----+-----+-----------+



================================================================
== Interface
================================================================
* Summary: 
+------------+-----+-----+------------+--------------+--------------+
|  RTL Ports | Dir | Bits|  Protocol  | Source Object|    C Type    |
+------------+-----+-----+------------+--------------+--------------+
|ap_clk      |  in |    1| ap_ctrl_hs |    kernel1   | return value |
|ap_rst      |  in |    1| ap_ctrl_hs |    kernel1   | return value |
|ap_start    |  in |    1| ap_ctrl_hs |    kernel1   | return value |
|ap_done     | out |    1| ap_ctrl_hs |    kernel1   | return value |
|ap_idle     | out |    1| ap_ctrl_hs |    kernel1   | return value |
|ap_ready    | out |    1| ap_ctrl_hs |    kernel1   | return value |
|a_address0  | out |   11|  ap_memory |       a      |     array    |
|a_ce0       | out |    1|  ap_memory |       a      |     array    |
|a_q0        |  in |   32|  ap_memory |       a      |     array    |
|a_address1  | out |   11|  ap_memory |       a      |     array    |
|a_ce1       | out |    1|  ap_memory |       a      |     array    |
|a_we1       | out |    1|  ap_memory |       a      |     array    |
|a_d1        | out |   32|  ap_memory |       a      |     array    |
+------------+-----+-----+------------+--------------+--------------+

