

================================================================
== Vivado HLS Report for 'kernel7'
================================================================
* Date:           Wed May 21 20:02:06 2025

* Version:        2019.1 (Build 2552052 on Fri May 24 15:28:33 MDT 2019)
* Project:        prj_kernel7
* Solution:       solution1
* Product family: kintex7
* Target device:  xc7k160t-fbg484-1


================================================================
== Performance Estimates
================================================================
+ Timing (ns): 
    * Summary: 
    +--------+-------+----------+------------+
    |  Clock | Target| Estimated| Uncertainty|
    +--------+-------+----------+------------+
    |ap_clk  |  10.00|     7.717|        1.25|
    +--------+-------+----------+------------+

+ Latency (clock cycles): 
    * Summary: 
    +------+------+------+------+---------+
    |   Latency   |   Interval  | Pipeline|
    |  min |  max |  min |  max |   Type  |
    +------+------+------+------+---------+
    |  2103|  2103|  2103|  2103|   none  |
    +------+------+------+------+---------+

    + Detail: 
        * Instance: 
        N/A

        * Loop: 
        +-------------+------+------+----------+-----------+-----------+------+----------+
        |             |   Latency   | Iteration|  Initiation Interval  | Trip |          |
        |  Loop Name  |  min |  max |  Latency |  achieved |   target  | Count| Pipelined|
        +-------------+------+------+----------+-----------+-----------+------+----------+
        |- memset_ps  |     7|     7|         1|          -|          -|     8|    no    |
        |- LOOP1      |  2060|  2060|        14|          1|          1|  2048|    yes   |
        +-------------+------+------+----------+-----------+-----------+------+----------+



================================================================
== Utilization Estimates
================================================================
* Summary: 
+-----------------+---------+-------+--------+--------+-----+
|       Name      | BRAM_18K| DSP48E|   FF   |   LUT  | URAM|
+-----------------+---------+-------+--------+--------+-----+
|DSP              |        -|      -|       -|       -|    -|
|Expression       |        -|      -|       0|     106|    -|
|FIFO             |        -|      -|       -|       -|    -|
|Instance         |        -|      4|     520|     494|    -|
|Memory           |        2|      -|       0|       0|    0|
|Multiplexer      |        -|      -|       -|     342|    -|
|Register         |        0|      -|     489|     128|    -|
+-----------------+---------+-------+--------+--------+-----+
|Total            |        2|      4|    1009|    1070|    0|
+-----------------+---------+-------+--------+--------+-----+
|Available        |      650|    600|  202800|  101400|    0|
+-----------------+---------+-------+--------+--------+-----+
|Utilization (%)  |    ~0   |   ~0  |   ~0   |       1|    0|
+-----------------+---------+-------+--------+--------+-----+

+ Detail: 
    * Instance: 
    +-------------------------+----------------------+---------+-------+-----+-----+-----+
    |         Instance        |        Module        | BRAM_18K| DSP48E|  FF | LUT | URAM|
    +-------------------------+----------------------+---------+-------+-----+-----+-----+
    |kernel7_fadd_32nscud_U2  |kernel7_fadd_32nscud  |        0|      2|  227|  214|    0|
    |kernel7_faddfsub_bkb_U1  |kernel7_faddfsub_bkb  |        0|      2|  227|  214|    0|
    |kernel7_fcmp_32nsdEe_U3  |kernel7_fcmp_32nsdEe  |        0|      0|   66|   66|    0|
    +-------------------------+----------------------+---------+-------+-----+-----+-----+
    |Total                    |                      |        0|      4|  520|  494|    0|
    +-------------------------+----------------------+---------+-------+-----+-----+-----+

    * DSP48E: 
    N/A

    * Memory: 
    +-------+------------+---------+---+----+-----+------+-----+------+-------------+
    | Memory|   Module   | BRAM_18K| FF| LUT| URAM| Words| Bits| Banks| W*Bits*Banks|
    +-------+------------+---------+---+----+-----+------+-----+------+-------------+
    |ps_U   |kernel7_ps  |        2|  0|   0|    0|     8|   32|     1|          256|
    +-------+------------+---------+---+----+-----+------+-----+------+-------------+
    |Total  |            |        2|  0|   0|    0|     8|   32|     1|          256|
    +-------+------------+---------+---+----+-----+------+-----+------+-------------+

    * FIFO: 
    N/A

    * Expression: 
    +-------------------------+----------+-------+---+----+------------+------------+
    |      Variable Name      | Operation| DSP48E| FF| LUT| Bitwidth P0| Bitwidth P1|
    +-------------------------+----------+-------+---+----+------------+------------+
    |add_ln5_fu_243_p2        |     +    |      0|  0|  12|           3|           1|
    |i_fu_266_p2              |     +    |      0|  0|  19|          12|           1|
    |and_ln12_fu_318_p2       |    and   |      0|  0|   6|           1|           1|
    |icmp_ln12_1_fu_306_p2    |   icmp   |      0|  0|  18|          23|           1|
    |icmp_ln12_fu_300_p2      |   icmp   |      0|  0|  11|           8|           2|
    |icmp_ln5_fu_254_p2       |   icmp   |      0|  0|   9|           3|           2|
    |icmp_ln8_fu_260_p2       |   icmp   |      0|  0|  13|          12|          13|
    |or_ln12_fu_312_p2        |    or    |      0|  0|   6|           1|           1|
    |ap_enable_pp0            |    xor   |      0|  0|   6|           1|           2|
    |ap_enable_reg_pp0_iter1  |    xor   |      0|  0|   6|           2|           1|
    +-------------------------+----------+-------+---+----+------------+------------+
    |Total                    |          |      0|  0| 106|          66|          25|
    +-------------------------+----------+-------+---+----+------------+------------+

    * Multiplexer: 
    +--------------------------+-----+-----------+-----+-----------+
    |           Name           | LUT | Input Size| Bits| Total Bits|
    +--------------------------+-----+-----------+-----+-----------+
    |ap_NS_fsm                 |  169|         38|    1|         38|
    |ap_enable_reg_pp0_iter1   |    9|          2|    1|          2|
    |ap_enable_reg_pp0_iter13  |    9|          2|    1|          2|
    |grp_fu_214_opcode         |   15|          3|    2|          6|
    |grp_fu_214_p0             |   21|          4|   32|        128|
    |grp_fu_214_p1             |   21|          4|   32|        128|
    |i_0_reg_203               |    9|          2|   12|         24|
    |phi_ln5_reg_192           |    9|          2|    3|          6|
    |ps_address0               |   38|          7|    3|         21|
    |ps_address1               |   33|          6|    3|         18|
    |reg_235                   |    9|          2|   32|         64|
    +--------------------------+-----+-----------+-----+-----------+
    |Total                     |  342|         72|  122|        437|
    +--------------------------+-----+-----------+-----+-----------+

    * Register: 
    +--------------------------+----+----+-----+-----------+
    |           Name           | FF | LUT| Bits| Const Bits|
    +--------------------------+----+----+-----+-----------+
    |and_ln12_reg_371          |   1|   0|    1|          0|
    |ap_CS_fsm                 |  37|   0|   37|          0|
    |ap_enable_reg_pp0_iter0   |   1|   0|    1|          0|
    |ap_enable_reg_pp0_iter1   |   1|   0|    1|          0|
    |ap_enable_reg_pp0_iter10  |   1|   0|    1|          0|
    |ap_enable_reg_pp0_iter11  |   1|   0|    1|          0|
    |ap_enable_reg_pp0_iter12  |   1|   0|    1|          0|
    |ap_enable_reg_pp0_iter13  |   1|   0|    1|          0|
    |ap_enable_reg_pp0_iter2   |   1|   0|    1|          0|
    |ap_enable_reg_pp0_iter3   |   1|   0|    1|          0|
    |ap_enable_reg_pp0_iter4   |   1|   0|    1|          0|
    |ap_enable_reg_pp0_iter5   |   1|   0|    1|          0|
    |ap_enable_reg_pp0_iter6   |   1|   0|    1|          0|
    |ap_enable_reg_pp0_iter7   |   1|   0|    1|          0|
    |ap_enable_reg_pp0_iter8   |   1|   0|    1|          0|
    |ap_enable_reg_pp0_iter9   |   1|   0|    1|          0|
    |array1_load_reg_361       |  32|   0|   32|          0|
    |array2_load_reg_366       |  32|   0|   32|          0|
    |i_0_reg_203               |  12|   0|   12|          0|
    |idx_reg_346               |   3|   0|    3|          0|
    |phi_ln5_reg_192           |   3|   0|    3|          0|
    |ps_addr_1_reg_375         |   3|   0|    3|          0|
    |reg_228                   |  32|   0|   32|          0|
    |reg_235                   |  32|   0|   32|          0|
    |tmp_1_reg_381             |  32|   0|   32|          0|
    |and_ln12_reg_371          |  64|  32|    1|          0|
    |idx_reg_346               |  64|  32|    3|          0|
    |ps_addr_1_reg_375         |  64|  32|    3|          0|
    |reg_228                   |  64|  32|   32|          0|
    +--------------------------+----+----+-----+-----------+
    |Total                     | 489| 128|  272|          0|
    +--------------------------+----+----+-----+-----------+



================================================================
== Interface
================================================================
* Summary: 
+-----------------+-----+-----+------------+--------------+--------------+
|    RTL Ports    | Dir | Bits|  Protocol  | Source Object|    C Type    |
+-----------------+-----+-----+------------+--------------+--------------+
|ap_clk           |  in |    1| ap_ctrl_hs |    kernel7   | return value |
|ap_rst           |  in |    1| ap_ctrl_hs |    kernel7   | return value |
|ap_start         |  in |    1| ap_ctrl_hs |    kernel7   | return value |
|ap_done          | out |    1| ap_ctrl_hs |    kernel7   | return value |
|ap_idle          | out |    1| ap_ctrl_hs |    kernel7   | return value |
|ap_ready         | out |    1| ap_ctrl_hs |    kernel7   | return value |
|ap_return        | out |   32| ap_ctrl_hs |    kernel7   | return value |
|array1_address0  | out |   11|  ap_memory |    array1    |     array    |
|array1_ce0       | out |    1|  ap_memory |    array1    |     array    |
|array1_q0        |  in |   32|  ap_memory |    array1    |     array    |
|array2_address0  | out |   11|  ap_memory |    array2    |     array    |
|array2_ce0       | out |    1|  ap_memory |    array2    |     array    |
|array2_q0        |  in |   32|  ap_memory |    array2    |     array    |
+-----------------+-----+-----+------------+--------------+--------------+

