INFO: [HLS 200-10] Running 'C:/Xilinx/Vivado/2019.1/bin/unwrapped/win64.o/vivado_hls.exe'
INFO: [HLS 200-10] For user 'Edonis' on host 'desktop-2m32jfd' (Windows NT_amd64 version 6.2) on Wed May 21 21:27:34 +0200 2025
INFO: [HLS 200-10] In directory 'C:/Users/Edonis/Desktop/hls-refactoring-files/Data/kernel9'
Sourcing Tcl script 'C:/Users/Edonis/Desktop/hls-refactoring-files/Data/kernel9/prj_kernel9/solution1/csynth.tcl'
INFO: [HLS 200-10] Opening project 'C:/Users/Edonis/Desktop/hls-refactoring-files/Data/kernel9/prj_kernel9'.
INFO: [HLS 200-10] Adding design file 'kernel9.cpp' to the project
INFO: [HLS 200-10] Adding test bench file 'kernel9_test.cpp' to the project
INFO: [HLS 200-10] Opening solution 'C:/Users/Edonis/Desktop/hls-refactoring-files/Data/kernel9/prj_kernel9/solution1'.
INFO: [SYN 201-201] Setting up clock 'default' with a period of 10ns.
INFO: [HLS 200-10] Setting target device to 'xc7k160t-fbg484-1'
INFO: [SCHED 204-61] Option 'relax_ii_for_timing' is enabled, will increase II to preserve clock frequency constraints.
INFO: [HLS 200-10] Analyzing design file 'kernel9.cpp' ... 
INFO: [HLS 200-111] Finished Linking Time (s): cpu = 00:00:01 ; elapsed = 00:00:04 . Memory (MB): peak = 184.594 ; gain = 93.094
INFO: [HLS 200-111] Finished Checking Pragmas Time (s): cpu = 00:00:01 ; elapsed = 00:00:04 . Memory (MB): peak = 184.594 ; gain = 93.094
INFO: [HLS 200-10] Starting code transformations ...
INFO: [HLS 200-111] Finished Standard Transforms Time (s): cpu = 00:00:01 ; elapsed = 00:00:05 . Memory (MB): peak = 184.594 ; gain = 93.094
INFO: [HLS 200-10] Checking synthesizability ...
INFO: [HLS 200-111] Finished Checking Synthesizability Time (s): cpu = 00:00:01 ; elapsed = 00:00:05 . Memory (MB): peak = 184.594 ; gain = 93.094
INFO: [XFORM 203-11] Balancing expressions in function 'kernel9' (kernel9.cpp:3)...4 expression(s) balanced.
INFO: [HLS 200-111] Finished Pre-synthesis Time (s): cpu = 00:00:01 ; elapsed = 00:00:05 . Memory (MB): peak = 184.594 ; gain = 93.094
INFO: [HLS 200-111] Finished Architecture Synthesis Time (s): cpu = 00:00:01 ; elapsed = 00:00:05 . Memory (MB): peak = 184.594 ; gain = 93.094
INFO: [HLS 200-10] Starting hardware synthesis ...
INFO: [HLS 200-10] Synthesizing 'kernel9' ...
INFO: [HLS 200-10] ----------------------------------------------------------------
INFO: [HLS 200-42] -- Implementing module 'kernel9' 
INFO: [HLS 200-10] ----------------------------------------------------------------
INFO: [SCHED 204-11] Starting scheduling ...
INFO: [SCHED 204-61] Pipelining loop 'LOOP1'.
INFO: [SCHED 204-61] Pipelining result : Target II = 1, Final II = 1, Depth = 6.
INFO: [SCHED 204-61] Pipelining loop 'LOOP2'.
INFO: [SCHED 204-61] Pipelining result : Target II = 1, Final II = 1, Depth = 2.
INFO: [SCHED 204-11] Finished scheduling.
INFO: [HLS 200-111]  Elapsed time: 4.875 seconds; current allocated memory: 100.694 MB.
INFO: [BIND 205-100] Starting micro-architecture generation ...
INFO: [BIND 205-101] Performing variable lifetime analysis.
INFO: [BIND 205-101] Exploring resource sharing.
INFO: [BIND 205-101] Binding ...
INFO: [BIND 205-100] Finished micro-architecture generation.
INFO: [HLS 200-111]  Elapsed time: 0.039 seconds; current allocated memory: 100.895 MB.
INFO: [HLS 200-10] ----------------------------------------------------------------
INFO: [HLS 200-10] -- Generating RTL for module 'kernel9' 
INFO: [HLS 200-10] ----------------------------------------------------------------
INFO: [RTGEN 206-500] Setting interface mode on port 'kernel9/a' to 'ap_memory'.
INFO: [RTGEN 206-500] Setting interface mode on function 'kernel9' to 'ap_ctrl_hs'.
INFO: [RTGEN 206-100] Finished creating RTL model for 'kernel9'.
INFO: [HLS 200-111]  Elapsed time: 0.058 seconds; current allocated memory: 101.366 MB.
INFO: [RTMG 210-278] Implementing memory 'kernel9_idxa_ram (RAM)' using block RAMs.
INFO: [HLS 200-111] Finished generating all RTL models Time (s): cpu = 00:00:02 ; elapsed = 00:00:06 . Memory (MB): peak = 184.594 ; gain = 93.094
INFO: [VHDL 208-304] Generating VHDL RTL for kernel9.
INFO: [VLOG 209-307] Generating Verilog RTL for kernel9.
INFO: [HLS 200-112] Total elapsed time: 5.562 seconds; peak allocated memory: 101.366 MB.
