

================================================================
== Vivado HLS Report for 'kernel6'
================================================================
* Date:           Wed May 21 18:36:44 2025

* Version:        2019.1 (Build 2552052 on Fri May 24 15:28:33 MDT 2019)
* Project:        prj_kernel6
* Solution:       solution1
* Product family: kintex7
* Target device:  xc7k160t-fbg484-1


================================================================
== Performance Estimates
================================================================
+ Timing (ns): 
    * Summary: 
    +--------+-------+----------+------------+
    |  Clock | Target| Estimated| Uncertainty|
    +--------+-------+----------+------------+
    |ap_clk  |  10.00|     4.449|        1.25|
    +--------+-------+----------+------------+

+ Latency (clock cycles): 
    * Summary: 
    +------+---------+------+---------+---------+
    |     Latency    |    Interval    | Pipeline|
    |  min |   max   |  min |   max   |   Type  |
    +------+---------+------+---------+---------+
    |  8193|  4202497|  8193|  4202497|   none  |
    +------+---------+------+---------+---------+

    + Detail: 
        * Instance: 
        N/A

        * Loop: 
        +----------+------+---------+----------+-----------+-----------+----------+----------+
        |          |     Latency    | Iteration|  Initiation Interval  |   Trip   |          |
        | Loop Name|  min |   max   |  Latency |  achieved |   target  |   Count  | Pipelined|
        +----------+------+---------+----------+-----------+-----------+----------+----------+
        |- LOOP1   |  8192|  4202496| 4 ~ 2052 |          -|          -|      2048|    no    |
        | + LOOP2  |     0|     2048|         2|          1|          1| 0 ~ 2048 |    yes   |
        +----------+------+---------+----------+-----------+-----------+----------+----------+



================================================================
== Utilization Estimates
================================================================
* Summary: 
+-----------------+---------+-------+--------+--------+-----+
|       Name      | BRAM_18K| DSP48E|   FF   |   LUT  | URAM|
+-----------------+---------+-------+--------+--------+-----+
|DSP              |        -|      -|       -|       -|    -|
|Expression       |        -|      -|       0|     178|    -|
|FIFO             |        -|      -|       -|       -|    -|
|Instance         |        -|      -|       -|       -|    -|
|Memory           |        -|      -|       -|       -|    -|
|Multiplexer      |        -|      -|       -|      90|    -|
|Register         |        -|      -|     191|       -|    -|
+-----------------+---------+-------+--------+--------+-----+
|Total            |        0|      0|     191|     268|    0|
+-----------------+---------+-------+--------+--------+-----+
|Available        |      650|    600|  202800|  101400|    0|
+-----------------+---------+-------+--------+--------+-----+
|Utilization (%)  |        0|      0|   ~0   |   ~0   |    0|
+-----------------+---------+-------+--------+--------+-----+

+ Detail: 
    * Instance: 
    N/A

    * DSP48E: 
    N/A

    * Memory: 
    N/A

    * FIFO: 
    N/A

    * Expression: 
    +-------------------------+----------+-------+---+----+------------+------------+
    |      Variable Name      | Operation| DSP48E| FF| LUT| Bitwidth P0| Bitwidth P1|
    +-------------------------+----------+-------+---+----+------------+------------+
    |add_ln15_fu_183_p2       |     +    |      0|  0|  39|          32|          32|
    |i_fu_155_p2              |     +    |      0|  0|  19|          12|           1|
    |j_fu_177_p2              |     +    |      0|  0|  38|          31|           1|
    |sum_fu_193_p2            |     +    |      0|  0|  39|          32|          32|
    |icmp_ln11_fu_172_p2      |   icmp   |      0|  0|  18|          32|          32|
    |icmp_ln4_fu_149_p2       |   icmp   |      0|  0|  13|          12|          13|
    |ap_enable_pp0            |    xor   |      0|  0|   6|           1|           2|
    |ap_enable_reg_pp0_iter1  |    xor   |      0|  0|   6|           2|           1|
    +-------------------------+----------+-------+---+----+------------+------------+
    |Total                    |          |      0|  0| 178|         154|         114|
    +-------------------------+----------+-------+---+----+------------+------------+

    * Multiplexer: 
    +-------------------------+----+-----------+-----+-----------+
    |           Name          | LUT| Input Size| Bits| Total Bits|
    +-------------------------+----+-----------+-----+-----------+
    |ap_NS_fsm                |  33|          6|    1|          6|
    |ap_enable_reg_pp0_iter1  |  15|          3|    1|          3|
    |i_0_reg_114              |   9|          2|   12|         24|
    |j_0_reg_138              |   9|          2|   31|         62|
    |results_address0         |  15|          3|   12|         36|
    |sum_0_reg_125            |   9|          2|   32|         64|
    +-------------------------+----+-----------+-----+-----------+
    |Total                    |  90|         18|   89|        195|
    +-------------------------+----+-----------+-----+-----------+

    * Register: 
    +-------------------------+----+----+-----+-----------+
    |           Name          | FF | LUT| Bits| Const Bits|
    +-------------------------+----+----+-----+-----------+
    |ap_CS_fsm                |   5|   0|    5|          0|
    |ap_enable_reg_pp0_iter0  |   1|   0|    1|          0|
    |ap_enable_reg_pp0_iter1  |   1|   0|    1|          0|
    |dst_reg_236              |  32|   0|   32|          0|
    |i_0_reg_114              |  12|   0|   12|          0|
    |i_reg_206                |  12|   0|   12|          0|
    |icmp_ln11_reg_241        |   1|   0|    1|          0|
    |j_0_reg_138              |  31|   0|   31|          0|
    |len_reg_231              |  32|   0|   32|          0|
    |start_reg_226            |  32|   0|   32|          0|
    |sum_0_reg_125            |  32|   0|   32|          0|
    +-------------------------+----+----+-----+-----------+
    |Total                    | 191|   0|  191|          0|
    +-------------------------+----+----+-----+-----------+



================================================================
== Interface
================================================================
* Summary: 
+-----------------------+-----+-----+------------+--------------+--------------+
|       RTL Ports       | Dir | Bits|  Protocol  | Source Object|    C Type    |
+-----------------------+-----+-----+------------+--------------+--------------+
|ap_clk                 |  in |    1| ap_ctrl_hs |    kernel6   | return value |
|ap_rst                 |  in |    1| ap_ctrl_hs |    kernel6   | return value |
|ap_start               |  in |    1| ap_ctrl_hs |    kernel6   | return value |
|ap_done                | out |    1| ap_ctrl_hs |    kernel6   | return value |
|ap_idle                | out |    1| ap_ctrl_hs |    kernel6   | return value |
|ap_ready               | out |    1| ap_ctrl_hs |    kernel6   | return value |
|region_start_address0  | out |   11|  ap_memory | region_start |     array    |
|region_start_ce0       | out |    1|  ap_memory | region_start |     array    |
|region_start_q0        |  in |   32|  ap_memory | region_start |     array    |
|region_len_address0    | out |   11|  ap_memory |  region_len  |     array    |
|region_len_ce0         | out |    1|  ap_memory |  region_len  |     array    |
|region_len_q0          |  in |   32|  ap_memory |  region_len  |     array    |
|index_dst_address0     | out |   11|  ap_memory |   index_dst  |     array    |
|index_dst_ce0          | out |    1|  ap_memory |   index_dst  |     array    |
|index_dst_q0           |  in |   32|  ap_memory |   index_dst  |     array    |
|results_address0       | out |   12|  ap_memory |    results   |     array    |
|results_ce0            | out |    1|  ap_memory |    results   |     array    |
|results_we0            | out |    1|  ap_memory |    results   |     array    |
|results_d0             | out |   32|  ap_memory |    results   |     array    |
|results_q0             |  in |   32|  ap_memory |    results   |     array    |
+-----------------------+-----+-----+------------+--------------+--------------+

